TN:
SF:src\components\auth\protected-route.tsx
FN:11,ProtectedRoute
FNF:1
FNH:1
FNDA:33,ProtectedRoute
DA:12,33
DA:13,33
DA:15,33
DA:16,1
DA:23,32
DA:24,18
DA:27,14
DA:28,2
DA:31,12
LF:9
LH:9
BRDA:15,0,0,1
BRDA:15,0,1,32
BRDA:23,1,0,18
BRDA:23,1,1,14
BRDA:27,2,0,2
BRDA:27,2,1,12
BRDA:27,3,0,14
BRDA:27,3,1,5
BRDA:31,4,0,4
BRDA:31,4,1,8
BRF:10
BRH:10
end_of_record
TN:
SF:src\components\employees\employee-form-dialog.tsx
FN:39,EmployeeFormDialog
FN:76,(anonymous_1)
FN:139,(anonymous_2)
FN:139,(anonymous_3)
FN:140,(anonymous_4)
FN:144,(anonymous_5)
FN:213,(anonymous_6)
FN:217,(anonymous_7)
FN:221,(anonymous_8)
FN:225,(anonymous_9)
FN:229,(anonymous_10)
FN:232,(anonymous_11)
FN:240,(anonymous_12)
FN:244,(anonymous_13)
FN:247,(anonymous_14)
FN:255,(anonymous_15)
FN:258,(anonymous_16)
FN:271,(anonymous_17)
FN:276,(anonymous_18)
FN:280,(anonymous_19)
FN:284,(anonymous_20)
FN:288,(anonymous_21)
FN:292,(anonymous_22)
FN:302,(anonymous_23)
FN:306,(anonymous_24)
FN:309,(anonymous_25)
FN:317,(anonymous_26)
FN:320,(anonymous_27)
FN:328,(anonymous_28)
FN:331,(anonymous_29)
FN:342,(anonymous_30)
FN:346,(anonymous_31)
FN:347,(anonymous_32)
FN:357,(anonymous_33)
FN:360,(anonymous_34)
FN:375,(anonymous_35)
FN:379,(anonymous_36)
FN:383,(anonymous_37)
FN:387,(anonymous_38)
FN:392,(anonymous_39)
FN:403,(anonymous_40)
FNF:41
FNH:10
FNDA:11,EmployeeFormDialog
FNDA:11,(anonymous_1)
FNDA:0,(anonymous_2)
FNDA:0,(anonymous_3)
FNDA:0,(anonymous_4)
FNDA:0,(anonymous_5)
FNDA:0,(anonymous_6)
FNDA:0,(anonymous_7)
FNDA:0,(anonymous_8)
FNDA:0,(anonymous_9)
FNDA:0,(anonymous_10)
FNDA:33,(anonymous_11)
FNDA:0,(anonymous_12)
FNDA:0,(anonymous_13)
FNDA:44,(anonymous_14)
FNDA:0,(anonymous_15)
FNDA:88,(anonymous_16)
FNDA:0,(anonymous_17)
FNDA:0,(anonymous_18)
FNDA:0,(anonymous_19)
FNDA:0,(anonymous_20)
FNDA:0,(anonymous_21)
FNDA:0,(anonymous_22)
FNDA:0,(anonymous_23)
FNDA:0,(anonymous_24)
FNDA:55,(anonymous_25)
FNDA:0,(anonymous_26)
FNDA:22,(anonymous_27)
FNDA:0,(anonymous_28)
FNDA:0,(anonymous_29)
FNDA:0,(anonymous_30)
FNDA:16,(anonymous_31)
FNDA:16,(anonymous_32)
FNDA:0,(anonymous_33)
FNDA:44,(anonymous_34)
FNDA:0,(anonymous_35)
FNDA:0,(anonymous_36)
FNDA:0,(anonymous_37)
FNDA:0,(anonymous_38)
FNDA:0,(anonymous_39)
FNDA:0,(anonymous_40)
DA:34,1
DA:35,1
DA:36,1
DA:37,1
DA:40,11
DA:41,11
DA:42,11
DA:43,11
DA:44,11
DA:45,11
DA:47,11
DA:74,11
DA:76,11
DA:77,11
DA:78,0
DA:79,0
DA:139,11
DA:140,11
DA:142,11
DA:144,11
DA:145,0
DA:146,0
DA:147,0
DA:148,0
DA:149,0
DA:151,0
DA:179,0
DA:180,0
DA:181,0
DA:183,0
DA:185,0
DA:191,11
DA:213,0
DA:217,0
DA:221,0
DA:225,0
DA:229,0
DA:233,33
DA:240,0
DA:244,0
DA:248,44
DA:255,0
DA:259,88
DA:271,0
DA:276,0
DA:280,0
DA:284,0
DA:288,0
DA:292,0
DA:302,0
DA:306,0
DA:310,55
DA:317,0
DA:321,22
DA:328,0
DA:332,0
DA:342,0
DA:346,16
DA:348,16
DA:357,0
DA:361,44
DA:375,0
DA:379,0
DA:383,0
DA:387,0
DA:392,0
DA:403,0
LF:67
LH:27
BRDA:41,0,0,11
BRDA:42,1,0,11
BRDA:43,2,0,11
BRDA:45,3,0,11
BRDA:45,3,1,11
BRDA:77,4,0,0
BRDA:77,4,1,11
BRDA:80,5,0,0
BRDA:80,5,1,0
BRDA:82,6,0,0
BRDA:82,6,1,0
BRDA:83,7,0,0
BRDA:83,7,1,0
BRDA:84,8,0,0
BRDA:84,8,1,0
BRDA:85,9,0,0
BRDA:85,9,1,0
BRDA:86,10,0,0
BRDA:86,10,1,0
BRDA:88,11,0,0
BRDA:88,11,1,0
BRDA:89,12,0,0
BRDA:89,12,1,0
BRDA:90,13,0,0
BRDA:90,13,1,0
BRDA:91,14,0,0
BRDA:91,14,1,0
BRDA:92,15,0,0
BRDA:92,15,1,0
BRDA:93,16,0,0
BRDA:93,16,1,0
BRDA:94,17,0,0
BRDA:94,17,1,0
BRDA:95,18,0,0
BRDA:95,18,1,0
BRDA:97,19,0,0
BRDA:97,19,1,0
BRDA:98,20,0,0
BRDA:98,20,1,0
BRDA:99,21,0,0
BRDA:99,21,1,0
BRDA:100,22,0,0
BRDA:100,22,1,0
BRDA:101,23,0,0
BRDA:101,23,1,0
BRDA:140,24,0,0
BRDA:140,24,1,0
BRDA:142,25,0,11
BRDA:142,25,1,11
BRDA:147,26,0,0
BRDA:147,26,1,0
BRDA:147,27,0,0
BRDA:147,27,1,0
BRDA:147,27,2,0
BRDA:155,28,0,0
BRDA:155,28,1,0
BRDA:156,29,0,0
BRDA:156,29,1,0
BRDA:157,30,0,0
BRDA:157,30,1,0
BRDA:158,31,0,0
BRDA:158,31,1,0
BRDA:159,32,0,0
BRDA:159,32,1,0
BRDA:160,33,0,0
BRDA:160,33,1,0
BRDA:161,34,0,0
BRDA:161,34,1,0
BRDA:162,35,0,0
BRDA:162,35,1,0
BRDA:163,36,0,0
BRDA:163,36,1,0
BRDA:164,37,0,0
BRDA:164,37,1,0
BRDA:165,38,0,0
BRDA:165,38,1,0
BRDA:167,39,0,0
BRDA:167,39,1,0
BRDA:168,40,0,0
BRDA:168,40,1,0
BRDA:169,41,0,0
BRDA:169,41,1,0
BRDA:170,42,0,0
BRDA:170,42,1,0
BRDA:171,43,0,0
BRDA:171,43,1,0
BRDA:176,44,0,0
BRDA:176,44,1,0
BRDA:180,45,0,0
BRDA:180,45,1,0
BRDA:195,46,0,0
BRDA:195,46,1,11
BRDA:197,47,0,0
BRDA:197,47,1,11
BRDA:202,48,0,11
BRDA:202,48,1,0
BRDA:229,49,0,11
BRDA:229,49,1,11
BRDA:244,50,0,11
BRDA:244,50,1,11
BRDA:255,51,0,11
BRDA:255,51,1,11
BRDA:317,52,0,11
BRDA:317,52,1,11
BRDA:328,53,0,11
BRDA:328,53,1,11
BRDA:334,54,0,0
BRDA:334,54,1,0
BRDA:342,55,0,11
BRDA:342,55,1,11
BRDA:369,56,0,11
BRDA:369,56,1,11
BRDA:389,57,0,11
BRDA:389,57,1,11
BRDA:407,58,0,11
BRDA:407,58,1,0
BRDA:408,59,0,0
BRDA:408,59,1,11
BRF:118
BRH:29
end_of_record
TN:
SF:src\components\shared\empty-state.tsx
FN:12,EmptyState
FNF:1
FNH:1
FNDA:1,EmptyState
DA:13,1
LF:1
LH:1
BRDA:12,0,0,1
BRDA:19,1,0,1
BRDA:19,1,1,1
BRDA:20,2,0,1
BRDA:20,2,1,1
BRF:5
BRH:5
end_of_record
TN:
SF:src\components\shared\error-state.tsx
FN:10,ErrorState
FNF:1
FNH:1
FNDA:1,ErrorState
DA:15,1
LF:1
LH:1
BRDA:11,0,0,1
BRDA:12,1,0,1
BRDA:22,2,0,1
BRDA:22,2,1,1
BRF:4
BRH:4
end_of_record
TN:
SF:src\components\shared\page-header.tsx
FN:20,PageHeader
FN:41,(anonymous_1)
FNF:2
FNH:1
FNDA:11,PageHeader
FNDA:0,(anonymous_1)
DA:21,11
DA:42,0
LF:2
LH:1
BRDA:20,0,0,11
BRDA:25,1,0,11
BRDA:25,1,1,0
BRDA:34,2,0,11
BRDA:34,2,1,11
BRDA:37,3,0,11
BRDA:37,3,1,10
BRDA:39,4,0,11
BRDA:39,4,1,0
BRDA:43,5,0,0
BRDA:43,5,1,0
BRDA:50,6,0,0
BRDA:50,6,1,0
BRF:13
BRH:7
end_of_record
TN:
SF:src\components\shared\pagination-bar.tsx
FN:17,PaginationBar
FN:34,(anonymous_1)
FN:36,(anonymous_2)
FN:41,(anonymous_3)
FN:48,(anonymous_4)
FNF:5
FNH:1
FNDA:8,PaginationBar
FNDA:0,(anonymous_1)
FNDA:0,(anonymous_2)
FNDA:0,(anonymous_3)
FNDA:0,(anonymous_4)
DA:18,8
DA:19,8
DA:21,0
DA:22,0
DA:23,0
DA:24,0
DA:25,0
DA:26,0
DA:30,0
DA:34,0
DA:37,0
DA:41,0
DA:48,0
LF:13
LH:2
BRDA:19,0,0,8
BRDA:19,0,1,0
BRDA:23,1,0,0
BRDA:23,1,1,0
BRDA:23,2,0,0
BRDA:23,2,1,0
BRDA:23,2,2,0
BRDA:25,3,0,0
BRDA:25,3,1,0
BRDA:38,4,0,0
BRDA:38,4,1,0
BRF:11
BRH:1
end_of_record
TN:
SF:src\components\shared\skeletons.tsx
FN:4,TableSkeleton
FN:7,(anonymous_1)
FN:20,StatSkeleton
FN:23,(anonymous_3)
FN:35,PageSkeleton
FNF:5
FNH:3
FNDA:2,TableSkeleton
FNDA:14,(anonymous_1)
FNDA:0,StatSkeleton
FNDA:0,(anonymous_3)
FNDA:1,PageSkeleton
DA:5,2
DA:8,14
DA:21,0
DA:24,0
DA:36,1
LF:5
LH:3
BRDA:4,0,0,2
BRDA:35,1,0,1
BRDA:38,2,0,1
BRDA:38,2,1,1
BRF:4
BRH:4
end_of_record
TN:
SF:src\components\ui\alert.tsx
FN:20,(anonymous_0)
FN:27,(anonymous_1)
FN:34,(anonymous_2)
FNF:3
FNH:2
FNDA:1,(anonymous_0)
FNDA:0,(anonymous_1)
FNDA:1,(anonymous_2)
DA:5,2
DA:20,2
DA:22,1
DA:25,2
DA:27,2
DA:29,0
DA:32,2
DA:34,2
DA:36,1
DA:39,2
LF:10
LH:9
BRF:0
BRH:0
end_of_record
TN:
SF:src\components\ui\avatar.tsx
FN:5,(anonymous_0)
FN:17,(anonymous_1)
FN:25,(anonymous_2)
FNF:3
FNH:2
FNDA:16,(anonymous_0)
FNDA:0,(anonymous_1)
FNDA:16,(anonymous_2)
DA:5,1
DA:9,16
DA:15,1
DA:17,1
DA:21,0
DA:23,1
DA:25,1
DA:29,16
DA:35,1
LF:9
LH:8
BRF:0
BRH:0
end_of_record
TN:
SF:src\components\ui\badge.tsx
FN:28,Badge
FNF:1
FNH:1
FNDA:16,Badge
DA:5,1
DA:29,16
LF:2
LH:2
BRF:0
BRH:0
end_of_record
TN:
SF:src\components\ui\button.tsx
FN:39,(anonymous_0)
FNF:1
FNH:1
FNDA:135,(anonymous_0)
DA:6,3
DA:39,3
DA:41,135
DA:42,135
DA:45,3
LF:5
LH:5
BRDA:40,0,0,135
BRDA:41,1,0,14
BRDA:41,1,1,121
BRF:3
BRH:3
end_of_record
TN:
SF:src\components\ui\card.tsx
FN:4,(anonymous_0)
FN:11,(anonymous_1)
FN:18,(anonymous_2)
FN:25,(anonymous_3)
FN:32,(anonymous_4)
FN:39,(anonymous_5)
FNF:6
FNH:3
FNDA:2,(anonymous_0)
FNDA:1,(anonymous_1)
FNDA:0,(anonymous_2)
FNDA:0,(anonymous_3)
FNDA:1,(anonymous_4)
FNDA:0,(anonymous_5)
DA:4,3
DA:6,2
DA:9,3
DA:11,3
DA:13,1
DA:16,3
DA:18,3
DA:20,0
DA:23,3
DA:25,3
DA:27,0
DA:30,3
DA:32,3
DA:34,1
DA:37,3
DA:39,3
DA:41,0
DA:44,3
LF:18
LH:15
BRF:0
BRH:0
end_of_record
TN:
SF:src\components\ui\dialog.tsx
FN:11,(anonymous_0)
FN:26,(anonymous_1)
FN:50,(anonymous_2)
FN:55,(anonymous_3)
FN:60,(anonymous_4)
FN:72,(anonymous_5)
FNF:6
FNH:1
FNDA:0,(anonymous_0)
FNDA:11,(anonymous_1)
FNDA:0,(anonymous_2)
FNDA:0,(anonymous_3)
FNDA:0,(anonymous_4)
FNDA:0,(anonymous_5)
DA:6,1
DA:7,1
DA:8,1
DA:9,1
DA:11,1
DA:15,0
DA:24,1
DA:26,1
DA:30,11
DA:48,1
DA:50,1
DA:51,0
DA:53,1
DA:55,1
DA:56,0
DA:58,1
DA:60,1
DA:64,0
DA:70,1
DA:72,1
DA:76,0
DA:78,1
LF:22
LH:17
BRF:0
BRH:0
end_of_record
TN:
SF:src\components\ui\input.tsx
FN:4,(anonymous_0)
FNF:1
FNH:1
FNDA:229,(anonymous_0)
DA:4,2
DA:6,229
DA:19,2
LF:3
LH:3
BRF:0
BRH:0
end_of_record
TN:
SF:src\components\ui\label.tsx
FN:5,(anonymous_0)
FNF:1
FNH:1
FNDA:218,(anonymous_0)
DA:5,2
DA:9,218
DA:15,2
LF:3
LH:3
BRF:0
BRH:0
end_of_record
TN:
SF:src\components\ui\pagination.tsx
FN:6,Pagination
FN:10,(anonymous_1)
FN:17,(anonymous_2)
FN:27,PaginationLink
FN:41,PaginationPrevious
FN:51,PaginationNext
FN:61,PaginationEllipsis
FNF:7
FNH:0
FNDA:0,Pagination
FNDA:0,(anonymous_1)
FNDA:0,(anonymous_2)
FNDA:0,PaginationLink
FNDA:0,PaginationPrevious
FNDA:0,PaginationNext
FNDA:0,PaginationEllipsis
DA:7,0
DA:10,1
DA:12,0
DA:15,1
DA:17,1
DA:18,0
DA:20,1
DA:28,0
DA:39,1
DA:42,0
DA:49,1
DA:52,0
DA:59,1
DA:62,0
DA:69,1
LF:15
LH:8
BRDA:27,0,0,0
BRDA:30,1,0,0
BRDA:30,1,1,0
BRDA:32,2,0,0
BRDA:32,2,1,0
BRF:5
BRH:0
end_of_record
TN:
SF:src\components\ui\select.tsx
FN:10,(anonymous_0)
FN:30,(anonymous_1)
FN:44,(anonymous_2)
FN:58,(anonymous_3)
FN:90,(anonymous_4)
FN:98,(anonymous_5)
FN:120,(anonymous_6)
FNF:7
FNH:5
FNDA:22,(anonymous_0)
FNDA:22,(anonymous_1)
FNDA:22,(anonymous_2)
FNDA:22,(anonymous_3)
FNDA:0,(anonymous_4)
FNDA:88,(anonymous_5)
FNDA:0,(anonymous_6)
DA:6,1
DA:7,1
DA:8,1
DA:10,1
DA:14,22
DA:28,1
DA:30,1
DA:34,22
DA:42,1
DA:44,1
DA:48,22
DA:56,1
DA:58,1
DA:62,22
DA:88,1
DA:90,1
DA:94,0
DA:96,1
DA:98,1
DA:102,88
DA:118,1
DA:120,1
DA:124,0
DA:126,1
LF:24
LH:22
BRDA:61,0,0,22
BRDA:67,1,0,22
BRDA:67,1,1,22
BRDA:78,2,0,22
BRDA:78,2,1,22
BRF:5
BRH:5
end_of_record
TN:
SF:src\components\ui\skeleton.tsx
FN:3,Skeleton
FNF:1
FNH:1
FNDA:44,Skeleton
DA:4,44
LF:1
LH:1
BRF:0
BRH:0
end_of_record
TN:
SF:src\components\ui\table.tsx
FN:4,(anonymous_0)
FN:13,(anonymous_1)
FN:20,(anonymous_2)
FN:27,(anonymous_3)
FN:34,(anonymous_4)
FN:45,(anonymous_5)
FN:59,(anonymous_6)
FN:66,(anonymous_7)
FNF:8
FNH:6
FNDA:8,(anonymous_0)
FNDA:8,(anonymous_1)
FNDA:8,(anonymous_2)
FNDA:0,(anonymous_3)
FNDA:24,(anonymous_4)
FNDA:40,(anonymous_5)
FNDA:80,(anonymous_6)
FNDA:0,(anonymous_7)
DA:4,1
DA:6,8
DA:11,1
DA:13,1
DA:15,8
DA:18,1
DA:20,1
DA:22,8
DA:25,1
DA:27,1
DA:29,0
DA:32,1
DA:34,1
DA:36,24
DA:43,1
DA:45,1
DA:47,40
DA:57,1
DA:59,1
DA:61,80
DA:64,1
DA:66,1
DA:68,0
DA:71,1
LF:24
LH:22
BRF:0
BRH:0
end_of_record
TN:
SF:src\components\ui\textarea.tsx
FN:4,(anonymous_0)
FNF:1
FNH:0
FNDA:0,(anonymous_0)
DA:4,1
DA:6,0
DA:18,1
LF:3
LH:2
BRF:0
BRH:0
end_of_record
TN:
SF:src\features\auth\auth-context.tsx
FN:23,(anonymous_0)
FN:24,(anonymous_1)
FN:25,(anonymous_2)
FN:28,fetchProfile
FN:54,AuthProvider
FN:59,(anonymous_5)
FN:74,(anonymous_6)
FN:76,(anonymous_7)
FN:82,(anonymous_8)
FN:89,(anonymous_9)
FN:92,(anonymous_10)
FN:120,(anonymous_11)
FN:147,useAuth
FNF:13
FNH:6
FNDA:0,(anonymous_0)
FNDA:0,(anonymous_1)
FNDA:0,(anonymous_2)
FNDA:0,fetchProfile
FNDA:19,AuthProvider
FNDA:10,(anonymous_5)
FNDA:9,(anonymous_6)
FNDA:0,(anonymous_7)
FNDA:0,(anonymous_8)
FNDA:9,(anonymous_9)
FNDA:5,(anonymous_10)
FNDA:0,(anonymous_11)
FNDA:19,useAuth
DA:17,5
DA:23,0
DA:29,0
DA:35,0
DA:37,0
DA:39,0
DA:40,0
DA:46,0
DA:47,0
DA:51,0
DA:55,19
DA:56,19
DA:57,19
DA:59,19
DA:60,10
DA:61,10
DA:62,10
DA:63,10
DA:64,10
DA:65,10
DA:66,10
DA:68,0
DA:69,0
DA:70,0
DA:71,0
DA:74,19
DA:75,9
DA:76,9
DA:77,0
DA:78,0
DA:79,0
DA:80,0
DA:82,0
DA:83,0
DA:84,0
DA:85,0
DA:89,9
DA:92,19
DA:93,5
DA:94,5
DA:95,4
DA:97,3
DA:98,3
DA:99,1
DA:101,2
DA:102,1
DA:104,1
DA:105,0
DA:107,1
DA:108,1
DA:110,0
DA:112,1
DA:113,1
DA:115,1
DA:116,1
DA:120,19
DA:121,0
DA:122,0
DA:123,0
DA:126,19
DA:128,19
DA:148,19
LF:62
LH:36
BRDA:35,0,0,0
BRDA:35,0,1,0
BRDA:37,1,0,0
BRDA:37,1,1,0
BRDA:39,2,0,0
BRDA:39,2,1,0
BRDA:46,3,0,0
BRDA:46,3,1,0
BRDA:62,4,0,10
BRDA:62,4,1,0
BRDA:77,5,0,0
BRDA:77,5,1,0
BRDA:95,6,0,3
BRDA:95,6,1,1
BRDA:97,7,0,3
BRDA:97,7,1,0
BRDA:98,8,0,1
BRDA:98,8,1,2
BRDA:98,9,0,3
BRDA:98,9,1,3
BRDA:101,10,0,1
BRDA:101,10,1,1
BRDA:101,11,0,2
BRDA:101,11,1,1
BRDA:104,12,0,0
BRDA:104,12,1,1
BRDA:107,13,0,1
BRDA:107,13,1,0
BRDA:107,14,0,1
BRDA:107,14,1,0
BRDA:107,14,2,0
BRDA:115,15,0,1
BRDA:115,15,1,0
BRDA:126,16,0,19
BRDA:126,16,1,19
BRF:35
BRH:18
end_of_record
TN:
SF:src\features\auth\login-page.tsx
FN:11,LoginPage
FN:15,(anonymous_1)
FN:22,(anonymous_2)
FN:40,(anonymous_3)
FN:102,(anonymous_4)
FN:115,(anonymous_5)
FN:128,(anonymous_6)
FN:134,(anonymous_7)
FN:134,(anonymous_8)
FN:147,(anonymous_9)
FN:168,(anonymous_10)
FNF:11
FNH:8
FNDA:110,LoginPage
FNDA:20,(anonymous_1)
FNDA:20,(anonymous_2)
FNDA:4,(anonymous_3)
FNDA:52,(anonymous_4)
FNDA:0,(anonymous_5)
FNDA:28,(anonymous_6)
FNDA:3,(anonymous_7)
FNDA:3,(anonymous_8)
FNDA:0,(anonymous_9)
FNDA:0,(anonymous_10)
DA:12,110
DA:13,110
DA:14,110
DA:15,110
DA:16,110
DA:17,110
DA:18,110
DA:19,110
DA:20,110
DA:22,110
DA:23,20
DA:24,0
DA:28,110
DA:29,1
DA:36,109
DA:38,109
DA:40,110
DA:41,4
DA:42,4
DA:43,4
DA:44,4
DA:45,0
DA:46,4
DA:47,3
DA:48,3
DA:49,1
DA:50,1
DA:52,2
DA:55,110
DA:102,52
DA:115,0
DA:128,28
DA:134,3
DA:147,0
DA:168,0
LF:35
LH:30
BRDA:15,0,0,20
BRDA:15,0,1,20
BRDA:23,1,0,0
BRDA:23,1,1,20
BRDA:23,2,0,20
BRDA:23,2,1,19
BRDA:24,3,0,0
BRDA:24,3,1,0
BRDA:28,4,0,1
BRDA:28,4,1,109
BRDA:36,5,0,0
BRDA:36,5,1,109
BRDA:38,6,0,109
BRDA:38,6,1,109
BRDA:44,7,0,4
BRDA:44,7,1,0
BRDA:48,8,0,1
BRDA:48,8,1,2
BRDA:86,9,0,110
BRDA:86,9,1,1
BRDA:124,10,0,2
BRDA:124,10,1,107
BRDA:136,11,0,2
BRDA:136,11,1,107
BRDA:138,12,0,2
BRDA:138,12,1,107
BRDA:154,13,0,4
BRDA:154,13,1,105
BRF:28
BRH:23
end_of_record
TN:
SF:src\hooks\use-queries.ts
FN:25,useInvalidate
FN:27,(anonymous_1)
FN:27,(anonymous_2)
FN:28,(anonymous_3)
FN:41,useEmployees
FN:44,(anonymous_5)
FN:48,useEmployee
FN:51,(anonymous_7)
FN:56,useCreateEmployee
FN:59,(anonymous_9)
FN:60,(anonymous_10)
FN:68,useUpdateEmployee
FN:71,(anonymous_12)
FN:72,(anonymous_13)
FN:80,useDeleteEmployee
FN:83,(anonymous_15)
FN:84,(anonymous_16)
FN:93,useDepartments
FN:96,useDesignations
FN:99,useCreateDepartment
FN:103,(anonymous_20)
FN:107,useUpdateDepartment
FN:110,(anonymous_22)
FN:111,(anonymous_23)
FN:115,useDeleteDepartment
FN:119,(anonymous_25)
FN:123,useCreateDesignation
FN:127,(anonymous_27)
FN:131,useUpdateDesignation
FN:134,(anonymous_29)
FN:135,(anonymous_30)
FN:139,useDeleteDesignation
FN:143,(anonymous_32)
FN:149,useTodayAttendance
FN:152,(anonymous_34)
FN:155,useAttendanceMonth
FN:158,(anonymous_36)
FN:161,useAttendanceLog
FN:164,(anonymous_38)
FN:167,useCheckIn
FN:171,(anonymous_40)
FN:178,useCheckOut
FN:182,(anonymous_42)
FN:189,useSetBreak
FN:192,(anonymous_44)
FN:193,(anonymous_45)
FN:202,useLeaveTypes
FN:205,useLeaveRequests
FN:206,(anonymous_48)
FN:208,useLeaveBalances
FN:211,(anonymous_50)
FN:215,useApplyLeave
FN:219,(anonymous_52)
FN:223,useReviewLeave
FN:226,(anonymous_54)
FN:227,(anonymous_55)
FN:234,useCancelLeave
FN:238,(anonymous_57)
FN:244,usePayrollProfiles
FN:247,usePayroll
FN:248,(anonymous_60)
FN:250,useGeneratePayroll
FN:253,(anonymous_62)
FN:254,(anonymous_63)
FN:261,useUpdatePayrollStatus
FN:264,(anonymous_65)
FN:265,(anonymous_66)
FN:271,useDocuments
FN:274,(anonymous_68)
FN:277,useUploadDocument
FN:281,(anonymous_70)
FN:285,useDeleteDocument
FN:289,(anonymous_72)
FN:295,useTasks
FN:296,(anonymous_74)
FN:298,useCreateTask
FN:302,(anonymous_76)
FN:306,useUpdateTaskStatus
FN:309,(anonymous_78)
FN:310,(anonymous_79)
FN:314,useDeleteTask
FN:318,(anonymous_81)
FN:324,useAnnouncements
FN:327,useCreateAnnouncement
FN:331,(anonymous_84)
FN:335,useDeleteAnnouncement
FN:339,(anonymous_86)
FN:345,useHolidays
FN:346,(anonymous_88)
FN:348,useCreateHoliday
FN:352,(anonymous_90)
FN:356,useDeleteHoliday
FN:360,(anonymous_92)
FN:366,usePerformanceGoals
FN:367,(anonymous_94)
FN:369,useCreateGoal
FN:373,(anonymous_96)
FN:377,useUpdateGoalStatus
FN:380,(anonymous_98)
FN:381,(anonymous_99)
FN:385,usePerformanceReviews
FN:386,(anonymous_101)
FN:388,useCreateReview
FN:392,(anonymous_103)
FN:398,useJobOpenings
FN:399,(anonymous_105)
FN:401,useCreateJobOpening
FN:405,(anonymous_107)
FN:409,useUpdateJobOpening
FN:412,(anonymous_109)
FN:413,(anonymous_110)
FN:417,useDeleteJobOpening
FN:421,(anonymous_112)
FN:425,useCandidates
FN:428,useCreateCandidate
FN:432,(anonymous_115)
FN:436,useUpdateCandidateStatus
FN:439,(anonymous_117)
FN:440,(anonymous_118)
FN:444,useDeleteCandidate
FN:448,(anonymous_120)
FN:452,useInterviews
FN:455,useCreateInterview
FN:459,(anonymous_123)
FN:463,useUpdateInterviewStatus
FN:466,(anonymous_125)
FN:468,(anonymous_126)
FN:472,useOffers
FN:475,useCreateOffer
FN:479,(anonymous_129)
FN:483,useUpdateOfferStatus
FN:486,(anonymous_131)
FN:487,(anonymous_132)
FN:493,useNotifications
FN:494,(anonymous_134)
FN:496,useMarkNotificationRead
FN:500,(anonymous_136)
FN:503,useMarkAllNotificationsRead
FN:507,(anonymous_138)
FN:512,useDashboardStats
FN:517,useMeetingHallBookings
FNF:141
FNH:4
FNDA:22,useInvalidate
FNDA:0,(anonymous_1)
FNDA:0,(anonymous_2)
FNDA:0,(anonymous_3)
FNDA:0,useEmployees
FNDA:0,(anonymous_5)
FNDA:0,useEmployee
FNDA:0,(anonymous_7)
FNDA:11,useCreateEmployee
FNDA:0,(anonymous_9)
FNDA:0,(anonymous_10)
FNDA:11,useUpdateEmployee
FNDA:0,(anonymous_12)
FNDA:0,(anonymous_13)
FNDA:0,useDeleteEmployee
FNDA:0,(anonymous_15)
FNDA:0,(anonymous_16)
FNDA:0,useDepartments
FNDA:11,useDesignations
FNDA:0,useCreateDepartment
FNDA:0,(anonymous_20)
FNDA:0,useUpdateDepartment
FNDA:0,(anonymous_22)
FNDA:0,(anonymous_23)
FNDA:0,useDeleteDepartment
FNDA:0,(anonymous_25)
FNDA:0,useCreateDesignation
FNDA:0,(anonymous_27)
FNDA:0,useUpdateDesignation
FNDA:0,(anonymous_29)
FNDA:0,(anonymous_30)
FNDA:0,useDeleteDesignation
FNDA:0,(anonymous_32)
FNDA:0,useTodayAttendance
FNDA:0,(anonymous_34)
FNDA:0,useAttendanceMonth
FNDA:0,(anonymous_36)
FNDA:0,useAttendanceLog
FNDA:0,(anonymous_38)
FNDA:0,useCheckIn
FNDA:0,(anonymous_40)
FNDA:0,useCheckOut
FNDA:0,(anonymous_42)
FNDA:0,useSetBreak
FNDA:0,(anonymous_44)
FNDA:0,(anonymous_45)
FNDA:0,useLeaveTypes
FNDA:0,useLeaveRequests
FNDA:0,(anonymous_48)
FNDA:0,useLeaveBalances
FNDA:0,(anonymous_50)
FNDA:0,useApplyLeave
FNDA:0,(anonymous_52)
FNDA:0,useReviewLeave
FNDA:0,(anonymous_54)
FNDA:0,(anonymous_55)
FNDA:0,useCancelLeave
FNDA:0,(anonymous_57)
FNDA:0,usePayrollProfiles
FNDA:0,usePayroll
FNDA:0,(anonymous_60)
FNDA:0,useGeneratePayroll
FNDA:0,(anonymous_62)
FNDA:0,(anonymous_63)
FNDA:0,useUpdatePayrollStatus
FNDA:0,(anonymous_65)
FNDA:0,(anonymous_66)
FNDA:0,useDocuments
FNDA:0,(anonymous_68)
FNDA:0,useUploadDocument
FNDA:0,(anonymous_70)
FNDA:0,useDeleteDocument
FNDA:0,(anonymous_72)
FNDA:0,useTasks
FNDA:0,(anonymous_74)
FNDA:0,useCreateTask
FNDA:0,(anonymous_76)
FNDA:0,useUpdateTaskStatus
FNDA:0,(anonymous_78)
FNDA:0,(anonymous_79)
FNDA:0,useDeleteTask
FNDA:0,(anonymous_81)
FNDA:0,useAnnouncements
FNDA:0,useCreateAnnouncement
FNDA:0,(anonymous_84)
FNDA:0,useDeleteAnnouncement
FNDA:0,(anonymous_86)
FNDA:0,useHolidays
FNDA:0,(anonymous_88)
FNDA:0,useCreateHoliday
FNDA:0,(anonymous_90)
FNDA:0,useDeleteHoliday
FNDA:0,(anonymous_92)
FNDA:0,usePerformanceGoals
FNDA:0,(anonymous_94)
FNDA:0,useCreateGoal
FNDA:0,(anonymous_96)
FNDA:0,useUpdateGoalStatus
FNDA:0,(anonymous_98)
FNDA:0,(anonymous_99)
FNDA:0,usePerformanceReviews
FNDA:0,(anonymous_101)
FNDA:0,useCreateReview
FNDA:0,(anonymous_103)
FNDA:0,useJobOpenings
FNDA:0,(anonymous_105)
FNDA:0,useCreateJobOpening
FNDA:0,(anonymous_107)
FNDA:0,useUpdateJobOpening
FNDA:0,(anonymous_109)
FNDA:0,(anonymous_110)
FNDA:0,useDeleteJobOpening
FNDA:0,(anonymous_112)
FNDA:0,useCandidates
FNDA:0,useCreateCandidate
FNDA:0,(anonymous_115)
FNDA:0,useUpdateCandidateStatus
FNDA:0,(anonymous_117)
FNDA:0,(anonymous_118)
FNDA:0,useDeleteCandidate
FNDA:0,(anonymous_120)
FNDA:0,useInterviews
FNDA:0,useCreateInterview
FNDA:0,(anonymous_123)
FNDA:0,useUpdateInterviewStatus
FNDA:0,(anonymous_125)
FNDA:0,(anonymous_126)
FNDA:0,useOffers
FNDA:0,useCreateOffer
FNDA:0,(anonymous_129)
FNDA:0,useUpdateOfferStatus
FNDA:0,(anonymous_131)
FNDA:0,(anonymous_132)
FNDA:0,useNotifications
FNDA:0,(anonymous_134)
FNDA:0,useMarkNotificationRead
FNDA:0,(anonymous_136)
FNDA:0,useMarkAllNotificationsRead
FNDA:0,(anonymous_138)
FNDA:0,useDashboardStats
FNDA:0,useMeetingHallBookings
DA:26,22
DA:27,22
DA:28,22
DA:30,0
DA:34,0
DA:35,0
DA:37,22
DA:42,0
DA:44,0
DA:49,0
DA:51,0
DA:57,11
DA:58,11
DA:59,0
DA:61,0
DA:62,0
DA:69,11
DA:70,11
DA:71,0
DA:73,0
DA:74,0
DA:81,0
DA:82,0
DA:83,0
DA:85,0
DA:86,0
DA:94,0
DA:97,11
DA:100,0
DA:101,0
DA:103,0
DA:108,0
DA:109,0
DA:110,0
DA:111,0
DA:116,0
DA:117,0
DA:119,0
DA:124,0
DA:125,0
DA:127,0
DA:132,0
DA:133,0
DA:134,0
DA:135,0
DA:140,0
DA:141,0
DA:143,0
DA:150,0
DA:152,0
DA:156,0
DA:158,0
DA:162,0
DA:164,0
DA:168,0
DA:169,0
DA:172,0
DA:173,0
DA:179,0
DA:180,0
DA:183,0
DA:184,0
DA:190,0
DA:191,0
DA:192,0
DA:194,0
DA:195,0
DA:203,0
DA:206,0
DA:209,0
DA:211,0
DA:216,0
DA:217,0
DA:219,0
DA:224,0
DA:225,0
DA:226,0
DA:228,0
DA:229,0
DA:235,0
DA:236,0
DA:238,0
DA:245,0
DA:248,0
DA:251,0
DA:252,0
DA:253,0
DA:255,0
DA:256,0
DA:262,0
DA:263,0
DA:264,0
DA:265,0
DA:272,0
DA:274,0
DA:278,0
DA:279,0
DA:281,0
DA:286,0
DA:287,0
DA:289,0
DA:296,0
DA:299,0
DA:300,0
DA:302,0
DA:307,0
DA:308,0
DA:309,0
DA:310,0
DA:315,0
DA:316,0
DA:318,0
DA:325,0
DA:328,0
DA:329,0
DA:331,0
DA:336,0
DA:337,0
DA:339,0
DA:346,0
DA:349,0
DA:350,0
DA:352,0
DA:357,0
DA:358,0
DA:360,0
DA:367,0
DA:370,0
DA:371,0
DA:373,0
DA:378,0
DA:379,0
DA:380,0
DA:381,0
DA:386,0
DA:389,0
DA:390,0
DA:392,0
DA:399,0
DA:402,0
DA:403,0
DA:405,0
DA:410,0
DA:411,0
DA:412,0
DA:413,0
DA:418,0
DA:419,0
DA:421,0
DA:426,0
DA:429,0
DA:430,0
DA:432,0
DA:437,0
DA:438,0
DA:439,0
DA:440,0
DA:445,0
DA:446,0
DA:448,0
DA:453,0
DA:456,0
DA:457,0
DA:459,0
DA:464,0
DA:465,0
DA:467,0
DA:468,0
DA:473,0
DA:476,0
DA:477,0
DA:479,0
DA:484,0
DA:485,0
DA:486,0
DA:487,0
DA:494,0
DA:497,0
DA:498,0
DA:500,0
DA:504,0
DA:505,0
DA:507,0
DA:513,0
DA:518,0
LF:185
LH:9
BRDA:30,0,0,0
BRDA:30,0,1,0
BRDA:30,0,2,0
BRDA:30,0,3,0
BRDA:33,1,0,0
BRDA:33,1,1,0
BRDA:50,2,0,0
BRDA:50,2,1,0
BRDA:248,3,0,0
BRDA:248,3,1,0
BRDA:273,4,0,0
BRDA:273,4,1,0
BRF:12
BRH:0
end_of_record
TN:
SF:src\lib\database.types.ts
FN:458,(anonymous_0)
FN:459,(anonymous_1)
FNF:2
FNH:2
FNDA:28,(anonymous_0)
FNDA:27,(anonymous_1)
DA:451,6
DA:458,28
DA:459,6
DA:460,27
LF:4
LH:4
BRDA:460,0,0,27
BRDA:460,0,1,26
BRDA:460,0,2,25
BRF:3
BRH:3
end_of_record
TN:
SF:src\lib\format.ts
FN:3,formatDate
FN:8,formatDateTime
FN:13,formatTime
FN:18,timeAgo
FN:23,formatCurrency
FN:40,formatNumber
FN:44,hoursBetween
FN:50,formatHours
FN:57,currentPayPeriod
FN:61,monthName
FN:66,isToday
FN:71,daysBetween
FN:75,todayISO
FN:79,toDateInput
FNF:14
FNH:14
FNDA:26,formatDate
FNDA:3,formatDateTime
FNDA:2,formatTime
FNDA:3,timeAgo
FNDA:8,formatCurrency
FNDA:3,formatNumber
FNDA:11,hoursBetween
FNDA:7,formatHours
FNDA:3,currentPayPeriod
FNDA:6,monthName
FNDA:5,isToday
FNDA:8,daysBetween
FNDA:1,todayISO
FNDA:7,toDateInput
DA:4,26
DA:5,23
DA:9,3
DA:10,1
DA:14,2
DA:15,1
DA:19,3
DA:20,1
DA:24,8
DA:25,8
DA:30,8
DA:31,2
DA:37,6
DA:41,3
DA:45,11
DA:46,9
DA:47,9
DA:51,7
DA:52,7
DA:53,7
DA:54,7
DA:58,3
DA:62,6
DA:63,6
DA:67,5
DA:68,3
DA:72,8
DA:76,1
DA:80,7
LF:29
LH:29
BRDA:4,0,0,3
BRDA:4,0,1,23
BRDA:9,1,0,2
BRDA:9,1,1,1
BRDA:14,2,0,1
BRDA:14,2,1,1
BRDA:19,3,0,2
BRDA:19,3,1,1
BRDA:23,4,0,8
BRDA:24,5,0,8
BRDA:24,5,1,1
BRDA:30,6,0,2
BRDA:30,6,1,6
BRDA:41,7,0,3
BRDA:41,7,1,1
BRDA:45,8,0,2
BRDA:45,8,1,9
BRDA:45,9,0,11
BRDA:45,9,1,10
BRDA:51,10,0,7
BRDA:51,10,1,2
BRDA:57,11,0,3
BRDA:63,12,0,6
BRDA:63,12,1,0
BRDA:67,13,0,2
BRDA:67,13,1,3
BRDA:80,14,0,4
BRDA:80,14,1,3
BRDA:80,15,0,2
BRDA:80,15,1,2
BRF:30
BRH:29
end_of_record
TN:
SF:src\lib\queryKeys.ts
FN:7,(anonymous_0)
FN:10,(anonymous_1)
FN:11,(anonymous_2)
FN:14,(anonymous_3)
FN:16,(anonymous_4)
FN:19,(anonymous_5)
FNF:6
FNH:0
FNDA:0,(anonymous_0)
FNDA:0,(anonymous_1)
FNDA:0,(anonymous_2)
FNDA:0,(anonymous_3)
FNDA:0,(anonymous_4)
FNDA:0,(anonymous_5)
DA:1,1
DA:7,0
DA:10,0
DA:11,0
DA:14,0
DA:16,0
DA:19,0
LF:7
LH:1
BRF:0
BRH:0
end_of_record
TN:
SF:src\lib\utils.ts
FN:4,cn
FN:8,initials
FN:14,fullName
FN:18,truncate
FNF:4
FNH:4
FNDA:1065,cn
FNDA:24,initials
FNDA:6,fullName
FNDA:11,truncate
DA:5,1065
DA:9,24
DA:10,24
DA:11,24
DA:15,6
DA:19,11
DA:20,10
LF:7
LH:7
BRDA:9,0,0,24
BRDA:9,0,1,3
BRDA:10,1,0,24
BRDA:10,1,1,4
BRDA:15,2,0,6
BRDA:15,2,1,2
BRDA:18,3,0,11
BRDA:19,4,0,1
BRDA:19,4,1,10
BRDA:20,5,0,7
BRDA:20,5,1,3
BRF:11
BRH:11
end_of_record
TN:
SF:src\lib\api\attendance.ts
FN:5,fetchTodayAttendance
FN:14,fetchAttendanceMonth
FN:26,fetchAttendanceLog
FN:44,checkIn
FN:58,checkOut
FN:81,setBreak
FN:104,fetchLeaveTypes
FN:110,fetchLeaveRequests
FN:122,applyLeave
FN:135,reviewLeave
FN:154,cancelLeave
FN:165,fetchLeaveBalances
FN:176,fetchHolidays
FN:184,createHoliday
FN:190,deleteHoliday
FNF:15
FNH:0
FNDA:0,fetchTodayAttendance
FNDA:0,fetchAttendanceMonth
FNDA:0,fetchAttendanceLog
FNDA:0,checkIn
FNDA:0,checkOut
FNDA:0,setBreak
FNDA:0,fetchLeaveTypes
FNDA:0,fetchLeaveRequests
FNDA:0,applyLeave
FNDA:0,reviewLeave
FNDA:0,cancelLeave
FNDA:0,fetchLeaveBalances
FNDA:0,fetchHolidays
FNDA:0,createHoliday
FNDA:0,deleteHoliday
DA:6,0
DA:7,0
DA:8,0
DA:9,0
DA:10,0
DA:11,0
DA:15,0
DA:22,0
DA:23,0
DA:27,0
DA:33,0
DA:34,0
DA:36,0
DA:37,0
DA:39,0
DA:40,0
DA:41,0
DA:45,0
DA:46,0
DA:47,0
DA:48,0
DA:49,0
DA:54,0
DA:55,0
DA:59,0
DA:60,0
DA:61,0
DA:67,0
DA:69,0
DA:70,0
DA:71,0
DA:77,0
DA:78,0
DA:82,0
DA:83,0
DA:84,0
DA:90,0
DA:92,0
DA:93,0
DA:99,0
DA:100,0
DA:105,0
DA:106,0
DA:107,0
DA:111,0
DA:115,0
DA:116,0
DA:117,0
DA:118,0
DA:119,0
DA:130,0
DA:131,0
DA:132,0
DA:136,0
DA:137,0
DA:138,0
DA:150,0
DA:151,0
DA:155,0
DA:161,0
DA:162,0
DA:166,0
DA:171,0
DA:172,0
DA:177,0
DA:178,0
DA:179,0
DA:180,0
DA:181,0
DA:185,0
DA:186,0
DA:187,0
DA:191,0
DA:192,0
LF:74
LH:0
BRDA:8,0,0,0
BRDA:8,0,1,0
BRDA:10,1,0,0
BRDA:10,1,1,0
BRDA:11,2,0,0
BRDA:11,2,1,0
BRDA:22,3,0,0
BRDA:22,3,1,0
BRDA:23,4,0,0
BRDA:23,4,1,0
BRDA:33,5,0,0
BRDA:33,5,1,0
BRDA:36,6,0,0
BRDA:36,6,1,0
BRDA:37,7,0,0
BRDA:37,7,1,0
BRDA:40,8,0,0
BRDA:40,8,1,0
BRDA:41,9,0,0
BRDA:41,9,1,0
BRDA:48,10,0,0
BRDA:48,10,1,0
BRDA:54,11,0,0
BRDA:54,11,1,0
BRDA:67,12,0,0
BRDA:67,12,1,0
BRDA:77,13,0,0
BRDA:77,13,1,0
BRDA:90,14,0,0
BRDA:90,14,1,0
BRDA:92,15,0,0
BRDA:92,15,1,0
BRDA:99,16,0,0
BRDA:99,16,1,0
BRDA:106,17,0,0
BRDA:106,17,1,0
BRDA:107,18,0,0
BRDA:107,18,1,0
BRDA:115,19,0,0
BRDA:115,19,1,0
BRDA:116,20,0,0
BRDA:116,20,1,0
BRDA:118,21,0,0
BRDA:118,21,1,0
BRDA:119,22,0,0
BRDA:119,22,1,0
BRDA:131,23,0,0
BRDA:131,23,1,0
BRDA:137,24,0,0
BRDA:137,24,1,0
BRDA:142,25,0,0
BRDA:142,25,1,0
BRDA:150,26,0,0
BRDA:150,26,1,0
BRDA:161,27,0,0
BRDA:161,27,1,0
BRDA:171,28,0,0
BRDA:171,28,1,0
BRDA:172,29,0,0
BRDA:172,29,1,0
BRDA:178,30,0,0
BRDA:178,30,1,0
BRDA:180,31,0,0
BRDA:180,31,1,0
BRDA:181,32,0,0
BRDA:181,32,1,0
BRDA:186,33,0,0
BRDA:186,33,1,0
BRDA:192,34,0,0
BRDA:192,34,1,0
BRF:70
BRH:0
end_of_record
TN:
SF:src\lib\api\core.ts
FN:5,fetchPayrollProfiles
FN:13,fetchPayroll
FN:24,generatePayroll
FN:44,(anonymous_3)
FN:45,(anonymous_4)
FN:46,(anonymous_5)
FN:47,(anonymous_6)
FN:49,(anonymous_7)
FN:50,(anonymous_8)
FN:90,updatePayrollStatus
FN:99,fetchDocuments
FN:110,uploadDocument
FN:122,deleteDocument
FN:128,fetchTasks
FN:140,createTask
FN:155,updateTaskStatus
FN:161,deleteTask
FN:167,fetchAnnouncements
FN:176,createAnnouncement
FN:193,deleteAnnouncement
FN:199,fetchNotifications
FN:229,markNotificationRead
FN:234,markAllNotificationsRead
FNF:23
FNH:0
FNDA:0,fetchPayrollProfiles
FNDA:0,fetchPayroll
FNDA:0,generatePayroll
FNDA:0,(anonymous_3)
FNDA:0,(anonymous_4)
FNDA:0,(anonymous_5)
FNDA:0,(anonymous_6)
FNDA:0,(anonymous_7)
FNDA:0,(anonymous_8)
FNDA:0,updatePayrollStatus
FNDA:0,fetchDocuments
FNDA:0,uploadDocument
FNDA:0,deleteDocument
FNDA:0,fetchTasks
FNDA:0,createTask
FNDA:0,updateTaskStatus
FNDA:0,deleteTask
FNDA:0,fetchAnnouncements
FNDA:0,createAnnouncement
FNDA:0,deleteAnnouncement
FNDA:0,fetchNotifications
FNDA:0,markNotificationRead
FNDA:0,markAllNotificationsRead
DA:6,0
DA:9,0
DA:10,0
DA:14,0
DA:18,0
DA:19,0
DA:20,0
DA:21,0
DA:25,0
DA:26,0
DA:27,0
DA:29,0
DA:35,0
DA:41,0
DA:42,0
DA:44,0
DA:45,0
DA:46,0
DA:47,0
DA:48,0
DA:49,0
DA:50,0
DA:52,0
DA:53,0
DA:54,0
DA:55,0
DA:56,0
DA:57,0
DA:58,0
DA:59,0
DA:60,0
DA:61,0
DA:62,0
DA:64,0
DA:82,0
DA:86,0
DA:87,0
DA:91,0
DA:92,0
DA:93,0
DA:94,0
DA:95,0
DA:100,0
DA:104,0
DA:105,0
DA:106,0
DA:107,0
DA:117,0
DA:118,0
DA:119,0
DA:123,0
DA:124,0
DA:129,0
DA:133,0
DA:134,0
DA:135,0
DA:136,0
DA:137,0
DA:147,0
DA:148,0
DA:149,0
DA:150,0
DA:151,0
DA:152,0
DA:156,0
DA:157,0
DA:158,0
DA:162,0
DA:163,0
DA:168,0
DA:172,0
DA:173,0
DA:183,0
DA:184,0
DA:189,0
DA:190,0
DA:194,0
DA:195,0
DA:200,0
DA:201,0
DA:202,0
DA:205,0
DA:210,0
DA:212,0
DA:218,0
DA:219,0
DA:221,0
DA:224,0
DA:225,0
DA:226,0
DA:230,0
DA:231,0
DA:235,0
DA:236,0
DA:237,0
DA:239,0
DA:244,0
DA:246,0
DA:250,0
DA:255,0
LF:100
LH:0
BRDA:9,0,0,0
BRDA:9,0,1,0
BRDA:10,1,0,0
BRDA:10,1,1,0
BRDA:18,2,0,0
BRDA:18,2,1,0
BRDA:20,3,0,0
BRDA:20,3,1,0
BRDA:21,4,0,0
BRDA:21,4,1,0
BRDA:45,5,0,0
BRDA:45,5,1,0
BRDA:46,6,0,0
BRDA:46,6,1,0
BRDA:47,7,0,0
BRDA:47,7,1,0
BRDA:50,8,0,0
BRDA:50,8,1,0
BRDA:52,9,0,0
BRDA:52,9,1,0
BRDA:53,10,0,0
BRDA:53,10,1,0
BRDA:54,11,0,0
BRDA:54,11,1,0
BRDA:55,12,0,0
BRDA:55,12,1,0
BRDA:56,13,0,0
BRDA:56,13,1,0
BRDA:59,14,0,0
BRDA:59,14,1,0
BRDA:61,15,0,0
BRDA:61,15,1,0
BRDA:86,16,0,0
BRDA:86,16,1,0
BRDA:87,17,0,0
BRDA:87,17,1,0
BRDA:92,18,0,0
BRDA:92,18,1,0
BRDA:94,19,0,0
BRDA:94,19,1,0
BRDA:104,20,0,0
BRDA:104,20,1,0
BRDA:106,21,0,0
BRDA:106,21,1,0
BRDA:107,22,0,0
BRDA:107,22,1,0
BRDA:118,23,0,0
BRDA:118,23,1,0
BRDA:124,24,0,0
BRDA:124,24,1,0
BRDA:133,25,0,0
BRDA:133,25,1,0
BRDA:134,26,0,0
BRDA:134,26,1,0
BRDA:136,27,0,0
BRDA:136,27,1,0
BRDA:137,28,0,0
BRDA:137,28,1,0
BRDA:148,29,0,0
BRDA:148,29,1,0
BRDA:150,30,0,0
BRDA:150,30,1,0
BRDA:151,31,0,0
BRDA:151,31,1,0
BRDA:157,32,0,0
BRDA:157,32,1,0
BRDA:163,33,0,0
BRDA:163,33,1,0
BRDA:172,34,0,0
BRDA:172,34,1,0
BRDA:173,35,0,0
BRDA:173,35,1,0
BRDA:186,36,0,0
BRDA:186,36,1,0
BRDA:189,37,0,0
BRDA:189,37,1,0
BRDA:195,38,0,0
BRDA:195,38,1,0
BRDA:199,39,0,0
BRDA:202,40,0,0
BRDA:202,40,1,0
BRDA:210,41,0,0
BRDA:210,41,1,0
BRDA:218,42,0,0
BRDA:218,42,1,0
BRDA:225,43,0,0
BRDA:225,43,1,0
BRDA:226,44,0,0
BRDA:226,44,1,0
BRDA:231,45,0,0
BRDA:231,45,1,0
BRDA:237,46,0,0
BRDA:237,46,1,0
BRDA:244,47,0,0
BRDA:244,47,1,0
BRDA:246,48,0,0
BRDA:246,48,1,0
BRDA:255,49,0,0
BRDA:255,49,1,0
BRF:99
BRH:0
end_of_record
TN:
SF:src\lib\api\dashboard.ts
FN:22,fetchDashboardStats
FN:37,(anonymous_1)
FN:37,(anonymous_2)
FN:40,(anonymous_3)
FN:43,(anonymous_4)
FN:46,(anonymous_5)
FN:47,(anonymous_6)
FN:50,(anonymous_7)
FN:51,(anonymous_8)
FN:54,(anonymous_9)
FN:58,(anonymous_10)
FN:70,(anonymous_11)
FN:78,(anonymous_12)
FN:105,(anonymous_13)
FNF:14
FNH:0
FNDA:0,fetchDashboardStats
FNDA:0,(anonymous_1)
FNDA:0,(anonymous_2)
FNDA:0,(anonymous_3)
FNDA:0,(anonymous_4)
FNDA:0,(anonymous_5)
FNDA:0,(anonymous_6)
FNDA:0,(anonymous_7)
FNDA:0,(anonymous_8)
FNDA:0,(anonymous_9)
FNDA:0,(anonymous_10)
FNDA:0,(anonymous_11)
FNDA:0,(anonymous_12)
FNDA:0,(anonymous_13)
DA:23,0
DA:24,0
DA:26,0
DA:32,0
DA:33,0
DA:34,0
DA:36,0
DA:37,0
DA:39,0
DA:40,0
DA:42,0
DA:43,0
DA:45,0
DA:46,0
DA:47,0
DA:49,0
DA:50,0
DA:51,0
DA:53,0
DA:54,0
DA:55,0
DA:56,0
DA:58,0
DA:60,0
DA:65,0
DA:66,0
DA:67,0
DA:68,0
DA:70,0
DA:71,0
DA:72,0
DA:73,0
DA:74,0
DA:75,0
DA:78,0
DA:84,0
DA:88,0
DA:89,0
DA:93,0
DA:98,0
DA:105,0
LF:41
LH:0
BRDA:32,0,0,0
BRDA:32,0,1,0
BRDA:33,1,0,0
BRDA:33,1,1,0
BRDA:34,2,0,0
BRDA:34,2,1,0
BRDA:37,3,0,0
BRDA:37,3,1,0
BRDA:37,4,0,0
BRDA:37,4,1,0
BRDA:40,5,0,0
BRDA:40,5,1,0
BRDA:46,6,0,0
BRDA:46,6,1,0
BRDA:50,7,0,0
BRDA:50,7,1,0
BRDA:55,8,0,0
BRDA:55,8,1,0
BRDA:56,9,0,0
BRDA:56,9,1,0
BRDA:70,10,0,0
BRDA:70,10,1,0
BRDA:72,11,0,0
BRDA:72,11,1,0
BRDA:74,12,0,0
BRDA:74,12,1,0
BRDA:74,13,0,0
BRDA:74,13,1,0
BRDA:110,14,0,0
BRDA:110,14,1,0
BRDA:111,15,0,0
BRDA:111,15,1,0
BRDA:112,16,0,0
BRDA:112,16,1,0
BRDA:113,17,0,0
BRDA:113,17,1,0
BRF:36
BRH:0
end_of_record
TN:
SF:src\lib\api\departments.ts
FN:4,fetchDepartments
FN:20,createDepartment
FN:26,updateDepartment
FN:32,deleteDepartment
FN:37,fetchDesignations
FN:53,createDesignation
FN:59,updateDesignation
FN:65,deleteDesignation
FNF:8
FNH:1
FNDA:0,fetchDepartments
FNDA:0,createDepartment
FNDA:0,updateDepartment
FNDA:0,deleteDepartment
FNDA:11,fetchDesignations
FNDA:0,createDesignation
FNDA:0,updateDesignation
FNDA:0,deleteDesignation
DA:5,0
DA:10,0
DA:11,0
DA:12,0
DA:13,0
DA:16,0
DA:17,0
DA:21,0
DA:22,0
DA:23,0
DA:27,0
DA:28,0
DA:29,0
DA:33,0
DA:34,0
DA:38,11
DA:43,11
DA:44,0
DA:45,0
DA:46,0
DA:49,11
DA:50,11
DA:54,0
DA:55,0
DA:56,0
DA:60,0
DA:61,0
DA:62,0
DA:66,0
DA:67,0
LF:30
LH:4
BRDA:10,0,0,0
BRDA:10,0,1,0
BRDA:16,1,0,0
BRDA:16,1,1,0
BRDA:17,2,0,0
BRDA:17,2,1,0
BRDA:22,3,0,0
BRDA:22,3,1,0
BRDA:28,4,0,0
BRDA:28,4,1,0
BRDA:34,5,0,0
BRDA:34,5,1,0
BRDA:43,6,0,0
BRDA:43,6,1,11
BRDA:49,7,0,0
BRDA:49,7,1,11
BRDA:50,8,0,11
BRDA:50,8,1,11
BRDA:55,9,0,0
BRDA:55,9,1,0
BRDA:61,10,0,0
BRDA:61,10,1,0
BRDA:67,11,0,0
BRDA:67,11,1,0
BRF:24
BRH:4
end_of_record
TN:
SF:src\lib\api\employees.ts
FN:32,fetchEmployees
FN:92,fetchEmployee
FN:123,nextEmployeeCode
FN:140,(anonymous_3)
FN:145,(anonymous_4)
FN:149,officialEmail
FN:153,createEmployee
FN:250,updateEmployee
FN:282,deleteEmployee
FN:288,defaultEmployeeRoleId
FN:297,logAudit
FNF:11
FNH:0
FNDA:0,fetchEmployees
FNDA:0,fetchEmployee
FNDA:0,nextEmployeeCode
FNDA:0,(anonymous_3)
FNDA:0,(anonymous_4)
FNDA:0,officialEmail
FNDA:0,createEmployee
FNDA:0,updateEmployee
FNDA:0,deleteEmployee
FNDA:0,defaultEmployeeRoleId
FNDA:0,logAudit
DA:33,0
DA:38,0
DA:39,0
DA:40,0
DA:41,0
DA:46,0
DA:48,0
DA:49,0
DA:50,0
DA:55,0
DA:56,0
DA:57,0
DA:58,0
DA:63,0
DA:64,0
DA:65,0
DA:68,0
DA:69,0
DA:70,0
DA:75,0
DA:76,0
DA:77,0
DA:78,0
DA:83,0
DA:84,0
DA:85,0
DA:88,0
DA:89,0
DA:93,0
DA:99,0
DA:100,0
DA:105,0
DA:106,0
DA:109,0
DA:110,0
DA:115,0
DA:116,0
DA:119,0
DA:120,0
DA:124,0
DA:125,0
DA:126,0
DA:127,0
DA:130,0
DA:131,0
DA:132,0
DA:133,0
DA:135,0
DA:137,0
DA:138,0
DA:139,0
DA:141,0
DA:142,0
DA:143,0
DA:145,0
DA:146,0
DA:150,0
DA:154,0
DA:155,0
DA:157,0
DA:180,0
DA:181,0
DA:184,0
DA:190,0
DA:191,0
DA:192,0
DA:197,0
DA:198,0
DA:201,0
DA:202,0
DA:205,0
DA:206,0
DA:214,0
DA:218,0
DA:219,0
DA:220,0
DA:221,0
DA:222,0
DA:223,0
DA:229,0
DA:230,0
DA:231,0
DA:232,0
DA:242,0
DA:246,0
DA:247,0
DA:251,0
DA:252,0
DA:253,0
DA:254,0
DA:255,0
DA:256,0
DA:258,0
DA:265,0
DA:266,0
DA:267,0
DA:273,0
DA:274,0
DA:277,0
DA:278,0
DA:279,0
DA:283,0
DA:284,0
DA:285,0
DA:289,0
DA:290,0
DA:291,0
DA:293,0
DA:298,0
DA:299,0
DA:300,0
DA:308,0
LF:112
LH:0
BRDA:38,0,0,0
BRDA:38,0,1,0
BRDA:39,1,0,0
BRDA:39,1,1,0
BRDA:40,2,0,0
BRDA:40,2,1,0
BRDA:48,3,0,0
BRDA:48,3,1,0
BRDA:55,4,0,0
BRDA:55,4,1,0
BRDA:56,5,0,0
BRDA:56,5,1,0
BRDA:57,6,0,0
BRDA:57,6,1,0
BRDA:68,7,0,0
BRDA:68,7,1,0
BRDA:75,8,0,0
BRDA:75,8,1,0
BRDA:76,9,0,0
BRDA:76,9,1,0
BRDA:77,10,0,0
BRDA:77,10,1,0
BRDA:88,11,0,0
BRDA:88,11,1,0
BRDA:89,12,0,0
BRDA:89,12,1,0
BRDA:99,13,0,0
BRDA:99,13,1,0
BRDA:109,14,0,0
BRDA:109,14,1,0
BRDA:119,15,0,0
BRDA:119,15,1,0
BRDA:125,16,0,0
BRDA:125,16,1,0
BRDA:127,17,0,0
BRDA:127,17,1,0
BRDA:130,18,0,0
BRDA:130,18,1,0
BRDA:131,19,0,0
BRDA:131,19,1,0
BRDA:132,20,0,0
BRDA:132,20,1,0
BRDA:133,21,0,0
BRDA:133,21,1,0
BRDA:138,22,0,0
BRDA:138,22,1,0
BRDA:139,23,0,0
BRDA:139,23,1,0
BRDA:141,24,0,0
BRDA:141,24,1,0
BRDA:143,25,0,0
BRDA:143,25,1,0
BRDA:155,26,0,0
BRDA:155,26,1,0
BRDA:162,27,0,0
BRDA:162,27,1,0
BRDA:163,28,0,0
BRDA:163,28,1,0
BRDA:164,29,0,0
BRDA:164,29,1,0
BRDA:165,30,0,0
BRDA:165,30,1,0
BRDA:166,31,0,0
BRDA:166,31,1,0
BRDA:167,32,0,0
BRDA:167,32,1,0
BRDA:168,33,0,0
BRDA:168,33,1,0
BRDA:169,34,0,0
BRDA:169,34,1,0
BRDA:170,35,0,0
BRDA:170,35,1,0
BRDA:171,36,0,0
BRDA:171,36,1,0
BRDA:173,37,0,0
BRDA:173,37,1,0
BRDA:174,38,0,0
BRDA:174,38,1,0
BRDA:175,39,0,0
BRDA:175,39,1,0
BRDA:176,40,0,0
BRDA:176,40,1,0
BRDA:177,41,0,0
BRDA:177,41,1,0
BRDA:180,42,0,0
BRDA:180,42,1,0
BRDA:190,43,0,0
BRDA:190,43,1,0
BRDA:190,44,0,0
BRDA:190,44,1,0
BRDA:201,45,0,0
BRDA:201,45,1,0
BRDA:208,46,0,0
BRDA:208,46,1,0
BRDA:209,47,0,0
BRDA:209,47,1,0
BRDA:210,48,0,0
BRDA:210,48,1,0
BRDA:211,49,0,0
BRDA:211,49,1,0
BRDA:219,50,0,0
BRDA:219,50,1,0
BRDA:222,51,0,0
BRDA:222,51,1,0
BRDA:222,52,0,0
BRDA:222,52,1,0
BRDA:229,53,0,0
BRDA:229,53,1,0
BRDA:229,54,0,0
BRDA:229,54,1,0
BRDA:265,55,0,0
BRDA:265,55,1,0
BRDA:265,56,0,0
BRDA:265,56,1,0
BRDA:277,57,0,0
BRDA:277,57,1,0
BRDA:284,58,0,0
BRDA:284,58,1,0
BRDA:291,59,0,0
BRDA:291,59,1,0
BRDA:301,60,0,0
BRDA:301,60,1,0
BRDA:305,61,0,0
BRDA:305,61,1,0
BRF:124
BRH:0
end_of_record
TN:
SF:src\lib\api\index.ts
FNF:0
FNH:0
LF:0
LH:0
BRF:0
BRH:0
end_of_record
TN:
SF:src\lib\api\modules.ts
FN:5,fetchPerformanceGoals
FN:16,createGoal
FN:33,updateGoalStatus
FN:39,fetchPerformanceReviews
FN:50,createReview
FN:68,fetchJobOpenings
FN:79,createJobOpening
FN:100,updateJobOpening
FN:106,deleteJobOpening
FN:111,fetchCandidates
FN:120,createCandidate
FN:136,updateCandidateStatus
FN:147,deleteCandidate
FN:152,fetchInterviews
FN:161,createInterview
FN:176,updateInterviewStatus
FN:187,fetchOffers
FN:196,createOffer
FN:213,updateOfferStatus
FN:220,fetchAuditLogs
FN:231,fetchMeetingHallBookings
FNF:21
FNH:0
FNDA:0,fetchPerformanceGoals
FNDA:0,createGoal
FNDA:0,updateGoalStatus
FNDA:0,fetchPerformanceReviews
FNDA:0,createReview
FNDA:0,fetchJobOpenings
FNDA:0,createJobOpening
FNDA:0,updateJobOpening
FNDA:0,deleteJobOpening
FNDA:0,fetchCandidates
FNDA:0,createCandidate
FNDA:0,updateCandidateStatus
FNDA:0,deleteCandidate
FNDA:0,fetchInterviews
FNDA:0,createInterview
FNDA:0,updateInterviewStatus
FNDA:0,fetchOffers
FNDA:0,createOffer
FNDA:0,updateOfferStatus
FNDA:0,fetchAuditLogs
FNDA:0,fetchMeetingHallBookings
DA:6,0
DA:10,0
DA:11,0
DA:12,0
DA:13,0
DA:23,0
DA:24,0
DA:29,0
DA:30,0
DA:34,0
DA:35,0
DA:36,0
DA:40,0
DA:44,0
DA:45,0
DA:46,0
DA:47,0
DA:57,0
DA:58,0
DA:63,0
DA:64,0
DA:69,0
DA:73,0
DA:74,0
DA:75,0
DA:76,0
DA:90,0
DA:91,0
DA:96,0
DA:97,0
DA:101,0
DA:102,0
DA:103,0
DA:107,0
DA:108,0
DA:112,0
DA:116,0
DA:117,0
DA:130,0
DA:131,0
DA:132,0
DA:133,0
DA:137,0
DA:143,0
DA:144,0
DA:148,0
DA:149,0
DA:153,0
DA:157,0
DA:158,0
DA:171,0
DA:172,0
DA:173,0
DA:177,0
DA:183,0
DA:184,0
DA:188,0
DA:192,0
DA:193,0
DA:203,0
DA:204,0
DA:209,0
DA:210,0
DA:214,0
DA:215,0
DA:216,0
DA:221,0
DA:226,0
DA:227,0
DA:232,0
DA:239,0
DA:240,0
LF:72
LH:0
BRDA:10,0,0,0
BRDA:10,0,1,0
BRDA:12,1,0,0
BRDA:12,1,1,0
BRDA:13,2,0,0
BRDA:13,2,1,0
BRDA:26,3,0,0
BRDA:26,3,1,0
BRDA:29,4,0,0
BRDA:29,4,1,0
BRDA:35,5,0,0
BRDA:35,5,1,0
BRDA:44,6,0,0
BRDA:44,6,1,0
BRDA:46,7,0,0
BRDA:46,7,1,0
BRDA:47,8,0,0
BRDA:47,8,1,0
BRDA:60,9,0,0
BRDA:60,9,1,0
BRDA:63,10,0,0
BRDA:63,10,1,0
BRDA:73,11,0,0
BRDA:73,11,1,0
BRDA:75,12,0,0
BRDA:75,12,1,0
BRDA:76,13,0,0
BRDA:76,13,1,0
BRDA:93,14,0,0
BRDA:93,14,1,0
BRDA:96,15,0,0
BRDA:96,15,1,0
BRDA:102,16,0,0
BRDA:102,16,1,0
BRDA:108,17,0,0
BRDA:108,17,1,0
BRDA:116,18,0,0
BRDA:116,18,1,0
BRDA:117,19,0,0
BRDA:117,19,1,0
BRDA:132,20,0,0
BRDA:132,20,1,0
BRDA:143,21,0,0
BRDA:143,21,1,0
BRDA:149,22,0,0
BRDA:149,22,1,0
BRDA:157,23,0,0
BRDA:157,23,1,0
BRDA:158,24,0,0
BRDA:158,24,1,0
BRDA:172,25,0,0
BRDA:172,25,1,0
BRDA:179,26,0,0
BRDA:179,26,1,0
BRDA:179,27,0,0
BRDA:179,27,1,0
BRDA:183,28,0,0
BRDA:183,28,1,0
BRDA:192,29,0,0
BRDA:192,29,1,0
BRDA:193,30,0,0
BRDA:193,30,1,0
BRDA:206,31,0,0
BRDA:206,31,1,0
BRDA:209,32,0,0
BRDA:209,32,1,0
BRDA:215,33,0,0
BRDA:215,33,1,0
BRDA:226,34,0,0
BRDA:226,34,1,0
BRDA:227,35,0,0
BRDA:227,35,1,0
BRDA:239,36,0,0
BRDA:239,36,1,0
BRDA:240,37,0,0
BRDA:240,37,1,0
BRF:76
BRH:0
end_of_record
TN:
SF:src\pages\employees-page.tsx
FN:36,EmployeesPage
FN:51,(anonymous_1)
FN:62,(anonymous_2)
FN:75,(anonymous_3)
FN:82,(anonymous_4)
FN:86,(anonymous_5)
FN:91,(anonymous_6)
FN:104,(anonymous_7)
FN:110,(anonymous_8)
FN:129,(anonymous_9)
FNF:10
FNH:4
FNDA:11,EmployeesPage
FNDA:11,(anonymous_1)
FNDA:0,(anonymous_2)
FNDA:0,(anonymous_3)
FNDA:0,(anonymous_4)
FNDA:22,(anonymous_5)
FNDA:0,(anonymous_6)
FNDA:0,(anonymous_7)
FNDA:0,(anonymous_8)
FNDA:16,(anonymous_9)
DA:34,1
DA:37,11
DA:38,11
DA:39,11
DA:40,11
DA:41,11
DA:42,11
DA:43,11
DA:49,11
DA:51,11
DA:53,11
DA:55,11
DA:62,0
DA:76,0
DA:77,0
DA:82,0
DA:87,22
DA:91,0
DA:104,0
DA:110,0
DA:130,16
LF:21
LH:14
BRDA:43,0,0,11
BRDA:45,1,0,11
BRDA:49,2,0,11
BRDA:49,2,1,11
BRDA:49,3,0,0
BRDA:49,3,1,11
BRDA:49,4,0,0
BRDA:49,4,1,11
BRDA:59,5,0,0
BRDA:59,5,1,11
BRDA:61,6,0,10
BRDA:61,6,1,1
BRDA:103,7,0,1
BRDA:103,7,1,10
BRDA:105,8,0,1
BRDA:105,8,1,9
BRDA:107,9,0,1
BRDA:107,9,1,8
BRDA:109,10,0,1
BRDA:109,10,1,1
BRDA:140,11,0,16
BRDA:140,11,1,0
BRDA:144,12,0,16
BRDA:144,12,1,0
BRDA:145,13,0,16
BRDA:145,13,1,0
BRDA:148,14,0,8
BRDA:148,14,1,8
BRDA:148,15,0,0
BRDA:148,15,1,8
BRDA:149,16,0,16
BRDA:149,16,1,0
BRF:32
BRH:24
end_of_record
TN:
SF:src\pages\not-found-page.tsx
FN:5,NotFoundPage
FNF:1
FNH:1
FNDA:7,NotFoundPage
DA:6,7
LF:1
LH:1
BRF:0
BRH:0
end_of_record
